#0 /var/www/app/wp-content/plugins/woocommerce-affilicon-payment-gateway/includes/affilicon-php-api-client/src/models/Order.php(53): AffiliconApiClient\Models\Cart->create()
#1 /var/www/app/wp-content/plugins/woocommerce-affilicon-payment-gateway/includes/services/OrderService.php(98): AffiliconApiClient\Models\Order->cart()
#2 /var/www/app/wp-content/plugins/woocommerce-affilicon-payment-gateway/includes/services/OrderService.php(48): OrderService->generateCart()
#3 /var/www/app/wp-content/plugins/woocommerce-affilicon-payment-gateway/AffiliconPaymentGateway.php(144): OrderService->createOrder()
#4 /var/www/app/wp-content/plugins/woocommerce/includes/class-wc-checkout.php(800): AffiliconPaymentGateway->process_payment(19)
#5 /var/www/app/wp-content/plugins/woocommerce/includes/class-wc-checkout.php(982): WC_Checkout->process_order_payment(19, 'affilicon_payme...')
#6 /var/www/app/wp-content/plugins/woocommerce/includes/class-wc-ajax.php(390): WC_Checkout->process_checkout()
#7 /var/www/app/wp-includes/class-wp-hook.php(298): WC_AJAX::checkout('')
#8 /var/www/app/wp-includes/class-wp-hook.php(323): WP_Hook->apply_filters('', Array)
#9 /var/www/app/wp-includes/plugin.php(453): WP_Hook->do_action(Array)
#10 /var/www/app/wp-content/plugins/woocommerce/includes/class-wc-ajax.php(78): do_action('wc_ajax_checkou...')
#11 /var/www/app/wp-includes/class-wp-hook.php(298): WC_AJAX::do_wc_ajax('')
#12 /var/www/app/wp-includes/class-wp-hook.php(323): WP_Hook->apply_filters(false, Array)
#13 /var/www/app/wp-includes/plugin.php(453): WP_Hook->do_action(Array)
#14 /var/www/app/wp-includes/template-loader.php(12): do_action('template_redire...')
#15 /var/www/app/wp-blog-header.php(19): require_once('/var/www/app/wp...')
#16 /var/www/app/index.php(17): require('/var/www/app/wp...')
#17 {main}#0 /var/www/app/wp-content/plugins/woocommerce-affilicon-payment-gateway/includes/affilicon-php-api-client/src/models/Order.php(53): AffiliconApiClient\Models\Cart->create()
#1 /var/www/app/wp-content/plugins/woocommerce-affilicon-payment-gateway/includes/services/OrderService.php(98): AffiliconApiClient\Models\Order->cart()
#2 /var/www/app/wp-content/plugins/woocommerce-affilicon-payment-gateway/includes/services/OrderService.php(48): OrderService->generateCart()
#3 /var/www/app/wp-content/plugins/woocommerce-affilicon-payment-gateway/AffiliconPaymentGateway.php(144): OrderService->createOrder()
#4 /var/www/app/wp-content/plugins/woocommerce/includes/class-wc-checkout.php(800): AffiliconPaymentGateway->process_payment(19)
#5 /var/www/app/wp-content/plugins/woocommerce/includes/class-wc-checkout.php(982): WC_Checkout->process_order_payment(19, 'affilicon_payme...')
#6 /var/www/app/wp-content/plugins/woocommerce/includes/class-wc-ajax.php(390): WC_Checkout->process_checkout()
#7 /var/www/app/wp-includes/class-wp-hook.php(298): WC_AJAX::checkout('')
#8 /var/www/app/wp-includes/class-wp-hook.php(323): WP_Hook->apply_filters('', Array)
#9 /var/www/app/wp-includes/plugin.php(453): WP_Hook->do_action(Array)
#10 /var/www/app/wp-content/plugins/woocommerce/includes/class-wc-ajax.php(78): do_action('wc_ajax_checkou...')
#11 /var/www/app/wp-includes/class-wp-hook.php(298): WC_AJAX::do_wc_ajax('')
#12 /var/www/app/wp-includes/class-wp-hook.php(323): WP_Hook->apply_filters(false, Array)
#13 /var/www/app/wp-includes/plugin.php(453): WP_Hook->do_action(Array)
#14 /var/www/app/wp-includes/template-loader.php(12): do_action('template_redire...')
#15 /var/www/app/wp-blog-header.php(19): require_once('/var/www/app/wp...')
#16 /var/www/app/index.php(17): require('/var/www/app/wp...')
#17 {main}#0 /var/www/app/wp-content/plugins/woocommerce-affilicon-payment-gateway/includes/affilicon-php-api-client/src/models/Order.php(53): AffiliconApiClient\Models\Cart->create()
#1 /var/www/app/wp-content/plugins/woocommerce-affilicon-payment-gateway/includes/services/OrderService.php(98): AffiliconApiClient\Models\Order->cart()
#2 /var/www/app/wp-content/plugins/woocommerce-affilicon-payment-gateway/includes/services/OrderService.php(48): OrderService->generateCart()
#3 /var/www/app/wp-content/plugins/woocommerce-affilicon-payment-gateway/AffiliconPaymentGateway.php(144): OrderService->createOrder()
#4 /var/www/app/wp-content/plugins/woocommerce/includes/class-wc-checkout.php(800): AffiliconPaymentGateway->process_payment(19)
#5 /var/www/app/wp-content/plugins/woocommerce/includes/class-wc-checkout.php(982): WC_Checkout->process_order_payment(19, 'affilicon_payme...')
#6 /var/www/app/wp-content/plugins/woocommerce/includes/class-wc-ajax.php(390): WC_Checkout->process_checkout()
#7 /var/www/app/wp-includes/class-wp-hook.php(298): WC_AJAX::checkout('')
#8 /var/www/app/wp-includes/class-wp-hook.php(323): WP_Hook->apply_filters('', Array)
#9 /var/www/app/wp-includes/plugin.php(453): WP_Hook->do_action(Array)
#10 /var/www/app/wp-content/plugins/woocommerce/includes/class-wc-ajax.php(78): do_action('wc_ajax_checkou...')
#11 /var/www/app/wp-includes/class-wp-hook.php(298): WC_AJAX::do_wc_ajax('')
#12 /var/www/app/wp-includes/class-wp-hook.php(323): WP_Hook->apply_filters(false, Array)
#13 /var/www/app/wp-includes/plugin.php(453): WP_Hook->do_action(Array)
#14 /var/www/app/wp-includes/template-loader.php(12): do_action('template_redire...')
#15 /var/www/app/wp-blog-header.php(19): require_once('/var/www/app/wp...')
#16 /var/www/app/index.php(17): require('/var/www/app/wp...')
#17 {main}#0 /var/www/app/wp-content/plugins/woocommerce-affilicon-payment-gateway/includes/affilicon-php-api-client/src/models/Order.php(53): AffiliconApiClient\Models\Cart->create()
#1 /var/www/app/wp-content/plugins/woocommerce-affilicon-payment-gateway/includes/services/OrderService.php(98): AffiliconApiClient\Models\Order->cart()
#2 /var/www/app/wp-content/plugins/woocommerce-affilicon-payment-gateway/includes/services/OrderService.php(48): OrderService->generateCart()
#3 /var/www/app/wp-content/plugins/woocommerce-affilicon-payment-gateway/AffiliconPaymentGateway.php(144): OrderService->createOrder()
#4 /var/www/app/wp-content/plugins/woocommerce/includes/class-wc-checkout.php(800): AffiliconPaymentGateway->process_payment(19)
#5 /var/www/app/wp-content/plugins/woocommerce/includes/class-wc-checkout.php(982): WC_Checkout->process_order_payment(19, 'affilicon_payme...')
#6 /var/www/app/wp-content/plugins/woocommerce/includes/class-wc-ajax.php(390): WC_Checkout->process_checkout()
#7 /var/www/app/wp-includes/class-wp-hook.php(298): WC_AJAX::checkout('')
#8 /var/www/app/wp-includes/class-wp-hook.php(323): WP_Hook->apply_filters('', Array)
#9 /var/www/app/wp-includes/plugin.php(453): WP_Hook->do_action(Array)
#10 /var/www/app/wp-content/plugins/woocommerce/includes/class-wc-ajax.php(78): do_action('wc_ajax_checkou...')
#11 /var/www/app/wp-includes/class-wp-hook.php(298): WC_AJAX::do_wc_ajax('')
#12 /var/www/app/wp-includes/class-wp-hook.php(323): WP_Hook->apply_filters(false, Array)
#13 /var/www/app/wp-includes/plugin.php(453): WP_Hook->do_action(Array)
#14 /var/www/app/wp-includes/template-loader.php(12): do_action('template_redire...')
#15 /var/www/app/wp-blog-header.php(19): require_once('/var/www/app/wp...')
#16 /var/www/app/index.php(17): require('/var/www/app/wp...')
#17 {main}#0 /var/www/app/wp-content/plugins/woocommerce-affilicon-payment-gateway/includes/affilicon-php-api-client/src/models/Order.php(53): AffiliconApiClient\Models\Cart->create()
#1 /var/www/app/wp-content/plugins/woocommerce-affilicon-payment-gateway/includes/services/OrderService.php(98): AffiliconApiClient\Models\Order->cart()
#2 /var/www/app/wp-content/plugins/woocommerce-affilicon-payment-gateway/includes/services/OrderService.php(48): OrderService->generateCart()
#3 /var/www/app/wp-content/plugins/woocommerce-affilicon-payment-gateway/AffiliconPaymentGateway.php(144): OrderService->createOrder()
#4 /var/www/app/wp-content/plugins/woocommerce/includes/class-wc-checkout.php(800): AffiliconPaymentGateway->process_payment(19)
#5 /var/www/app/wp-content/plugins/woocommerce/includes/class-wc-checkout.php(982): WC_Checkout->process_order_payment(19, 'affilicon_payme...')
#6 /var/www/app/wp-content/plugins/woocommerce/includes/class-wc-ajax.php(390): WC_Checkout->process_checkout()
#7 /var/www/app/wp-includes/class-wp-hook.php(298): WC_AJAX::checkout('')
#8 /var/www/app/wp-includes/class-wp-hook.php(323): WP_Hook->apply_filters('', Array)
#9 /var/www/app/wp-includes/plugin.php(453): WP_Hook->do_action(Array)
#10 /var/www/app/wp-content/plugins/woocommerce/includes/class-wc-ajax.php(78): do_action('wc_ajax_checkou...')
#11 /var/www/app/wp-includes/class-wp-hook.php(298): WC_AJAX::do_wc_ajax('')
#12 /var/www/app/wp-includes/class-wp-hook.php(323): WP_Hook->apply_filters(false, Array)
#13 /var/www/app/wp-includes/plugin.php(453): WP_Hook->do_action(Array)
#14 /var/www/app/wp-includes/template-loader.php(12): do_action('template_redire...')
#15 /var/www/app/wp-blog-header.php(19): require_once('/var/www/app/wp...')
#16 /var/www/app/index.php(17): require('/var/www/app/wp...')
#17 {main}#0 /var/www/app/wp-content/plugins/woocommerce-affilicon-payment-gateway/includes/affilicon-php-api-client/src/models/Order.php(53): AffiliconApiClient\Models\Cart->create()
#1 /var/www/app/wp-content/plugins/woocommerce-affilicon-payment-gateway/includes/services/OrderService.php(98): AffiliconApiClient\Models\Order->cart()
#2 /var/www/app/wp-content/plugins/woocommerce-affilicon-payment-gateway/includes/services/OrderService.php(48): OrderService->generateCart()
#3 /var/www/app/wp-content/plugins/woocommerce-affilicon-payment-gateway/AffiliconPaymentGateway.php(144): OrderService->createOrder()
#4 /var/www/app/wp-content/plugins/woocommerce/includes/class-wc-checkout.php(800): AffiliconPaymentGateway->process_payment(19)
#5 /var/www/app/wp-content/plugins/woocommerce/includes/class-wc-checkout.php(982): WC_Checkout->process_order_payment(19, 'affilicon_payme...')
#6 /var/www/app/wp-content/plugins/woocommerce/includes/class-wc-ajax.php(390): WC_Checkout->process_checkout()
#7 /var/www/app/wp-includes/class-wp-hook.php(298): WC_AJAX::checkout('')
#8 /var/www/app/wp-includes/class-wp-hook.php(323): WP_Hook->apply_filters('', Array)
#9 /var/www/app/wp-includes/plugin.php(453): WP_Hook->do_action(Array)
#10 /var/www/app/wp-content/plugins/woocommerce/includes/class-wc-ajax.php(78): do_action('wc_ajax_checkou...')
#11 /var/www/app/wp-includes/class-wp-hook.php(298): WC_AJAX::do_wc_ajax('')
#12 /var/www/app/wp-includes/class-wp-hook.php(323): WP_Hook->apply_filters(false, Array)
#13 /var/www/app/wp-includes/plugin.php(453): WP_Hook->do_action(Array)
#14 /var/www/app/wp-includes/template-loader.php(12): do_action('template_redire...')
#15 /var/www/app/wp-blog-header.php(19): require_once('/var/www/app/wp...')
#16 /var/www/app/index.php(17): require('/var/www/app/wp...')
#17 {main}#0 /var/www/app/wp-content/plugins/woocommerce-affilicon-payment-gateway/includes/affilicon-php-api-client/src/models/Order.php(53): AffiliconApiClient\Models\Cart->create()
#1 /var/www/app/wp-content/plugins/woocommerce-affilicon-payment-gateway/includes/services/OrderService.php(98): AffiliconApiClient\Models\Order->cart()
#2 /var/www/app/wp-content/plugins/woocommerce-affilicon-payment-gateway/includes/services/OrderService.php(48): OrderService->generateCart()
#3 /var/www/app/wp-content/plugins/woocommerce-affilicon-payment-gateway/AffiliconPaymentGateway.php(144): OrderService->createOrder()
#4 /var/www/app/wp-content/plugins/woocommerce/includes/class-wc-checkout.php(800): AffiliconPaymentGateway->process_payment(19)
#5 /var/www/app/wp-content/plugins/woocommerce/includes/class-wc-checkout.php(982): WC_Checkout->process_order_payment(19, 'affilicon_payme...')
#6 /var/www/app/wp-content/plugins/woocommerce/includes/class-wc-ajax.php(390): WC_Checkout->process_checkout()
#7 /var/www/app/wp-includes/class-wp-hook.php(298): WC_AJAX::checkout('')
#8 /var/www/app/wp-includes/class-wp-hook.php(323): WP_Hook->apply_filters('', Array)
#9 /var/www/app/wp-includes/plugin.php(453): WP_Hook->do_action(Array)
#10 /var/www/app/wp-content/plugins/woocommerce/includes/class-wc-ajax.php(78): do_action('wc_ajax_checkou...')
#11 /var/www/app/wp-includes/class-wp-hook.php(298): WC_AJAX::do_wc_ajax('')
#12 /var/www/app/wp-includes/class-wp-hook.php(323): WP_Hook->apply_filters(false, Array)
#13 /var/www/app/wp-includes/plugin.php(453): WP_Hook->do_action(Array)
#14 /var/www/app/wp-includes/template-loader.php(12): do_action('template_redire...')
#15 /var/www/app/wp-blog-header.php(19): require_once('/var/www/app/wp...')
#16 /var/www/app/index.php(17): require('/var/www/app/wp...')
#17 {main}#0 /var/www/app/wp-content/plugins/woocommerce-affilicon-payment-gateway/includes/affilicon-php-api-client/src/models/Order.php(53): AffiliconApiClient\Models\Cart->create()
#1 /var/www/app/wp-content/plugins/woocommerce-affilicon-payment-gateway/includes/services/OrderService.php(98): AffiliconApiClient\Models\Order->cart()
#2 /var/www/app/wp-content/plugins/woocommerce-affilicon-payment-gateway/includes/services/OrderService.php(48): OrderService->generateCart()
#3 /var/www/app/wp-content/plugins/woocommerce-affilicon-payment-gateway/AffiliconPaymentGateway.php(144): OrderService->createOrder()
#4 /var/www/app/wp-content/plugins/woocommerce/includes/class-wc-checkout.php(800): AffiliconPaymentGateway->process_payment(19)
#5 /var/www/app/wp-content/plugins/woocommerce/includes/class-wc-checkout.php(982): WC_Checkout->process_order_payment(19, 'affilicon_payme...')
#6 /var/www/app/wp-content/plugins/woocommerce/includes/class-wc-ajax.php(390): WC_Checkout->process_checkout()
#7 /var/www/app/wp-includes/class-wp-hook.php(298): WC_AJAX::checkout('')
#8 /var/www/app/wp-includes/class-wp-hook.php(323): WP_Hook->apply_filters('', Array)
#9 /var/www/app/wp-includes/plugin.php(453): WP_Hook->do_action(Array)
#10 /var/www/app/wp-content/plugins/woocommerce/includes/class-wc-ajax.php(78): do_action('wc_ajax_checkou...')
#11 /var/www/app/wp-includes/class-wp-hook.php(298): WC_AJAX::do_wc_ajax('')
#12 /var/www/app/wp-includes/class-wp-hook.php(323): WP_Hook->apply_filters(false, Array)
#13 /var/www/app/wp-includes/plugin.php(453): WP_Hook->do_action(Array)
#14 /var/www/app/wp-includes/template-loader.php(12): do_action('template_redire...')
#15 /var/www/app/wp-blog-header.php(19): require_once('/var/www/app/wp...')
#16 /var/www/app/index.php(17): require('/var/www/app/wp...')
#17 {main}#0 /var/www/app/wp-content/plugins/woocommerce-affilicon-payment-gateway/includes/affilicon-php-api-client/src/models/Order.php(53): AffiliconApiClient\Models\Cart->create()
#1 /var/www/app/wp-content/plugins/woocommerce-affilicon-payment-gateway/includes/services/OrderService.php(98): AffiliconApiClient\Models\Order->cart()
#2 /var/www/app/wp-content/plugins/woocommerce-affilicon-payment-gateway/includes/services/OrderService.php(48): OrderService->generateCart()
#3 /var/www/app/wp-content/plugins/woocommerce-affilicon-payment-gateway/AffiliconPaymentGateway.php(144): OrderService->createOrder()
#4 /var/www/app/wp-content/plugins/woocommerce/includes/class-wc-checkout.php(800): AffiliconPaymentGateway->process_payment(19)
#5 /var/www/app/wp-content/plugins/woocommerce/includes/class-wc-checkout.php(982): WC_Checkout->process_order_payment(19, 'affilicon_payme...')
#6 /var/www/app/wp-content/plugins/woocommerce/includes/class-wc-ajax.php(390): WC_Checkout->process_checkout()
#7 /var/www/app/wp-includes/class-wp-hook.php(298): WC_AJAX::checkout('')
#8 /var/www/app/wp-includes/class-wp-hook.php(323): WP_Hook->apply_filters('', Array)
#9 /var/www/app/wp-includes/plugin.php(453): WP_Hook->do_action(Array)
#10 /var/www/app/wp-content/plugins/woocommerce/includes/class-wc-ajax.php(78): do_action('wc_ajax_checkou...')
#11 /var/www/app/wp-includes/class-wp-hook.php(298): WC_AJAX::do_wc_ajax('')
#12 /var/www/app/wp-includes/class-wp-hook.php(323): WP_Hook->apply_filters(false, Array)
#13 /var/www/app/wp-includes/plugin.php(453): WP_Hook->do_action(Array)
#14 /var/www/app/wp-includes/template-loader.php(12): do_action('template_redire...')
#15 /var/www/app/wp-blog-header.php(19): require_once('/var/www/app/wp...')
#16 /var/www/app/index.php(17): require('/var/www/app/wp...')
#17 {main}#0 /var/www/app/wp-content/plugins/woocommerce-affilicon-payment-gateway/includes/affilicon-php-api-client/src/models/Order.php(53): AffiliconApiClient\Models\Cart->create()
#1 /var/www/app/wp-content/plugins/woocommerce-affilicon-payment-gateway/includes/services/OrderService.php(98): AffiliconApiClient\Models\Order->cart()
#2 /var/www/app/wp-content/plugins/woocommerce-affilicon-payment-gateway/includes/services/OrderService.php(48): OrderService->generateCart()
#3 /var/www/app/wp-content/plugins/woocommerce-affilicon-payment-gateway/AffiliconPaymentGateway.php(144): OrderService->createOrder()
#4 /var/www/app/wp-content/plugins/woocommerce/includes/class-wc-checkout.php(800): AffiliconPaymentGateway->process_payment(19)
#5 /var/www/app/wp-content/plugins/woocommerce/includes/class-wc-checkout.php(982): WC_Checkout->process_order_payment(19, 'affilicon_payme...')
#6 /var/www/app/wp-content/plugins/woocommerce/includes/class-wc-ajax.php(390): WC_Checkout->process_checkout()
#7 /var/www/app/wp-includes/class-wp-hook.php(298): WC_AJAX::checkout('')
#8 /var/www/app/wp-includes/class-wp-hook.php(323): WP_Hook->apply_filters('', Array)
#9 /var/www/app/wp-includes/plugin.php(453): WP_Hook->do_action(Array)
#10 /var/www/app/wp-content/plugins/woocommerce/includes/class-wc-ajax.php(78): do_action('wc_ajax_checkou...')
#11 /var/www/app/wp-includes/class-wp-hook.php(298): WC_AJAX::do_wc_ajax('')
#12 /var/www/app/wp-includes/class-wp-hook.php(323): WP_Hook->apply_filters(false, Array)
#13 /var/www/app/wp-includes/plugin.php(453): WP_Hook->do_action(Array)
#14 /var/www/app/wp-includes/template-loader.php(12): do_action('template_redire...')
#15 /var/www/app/wp-blog-header.php(19): require_once('/var/www/app/wp...')
#16 /var/www/app/index.php(17): require('/var/www/app/wp...')
#17 {main}